<?xml version="1.0" encoding="UTF-8"?>
<testng-results skipped="0" failed="0" total="2" passed="2">
  <reporter-output>
  </reporter-output>
  <suite name="Surefire suite" duration-ms="32" started-at="2021-11-18T12:52:10Z" finished-at="2021-11-18T12:52:10Z">
    <groups>
    </groups>
    <test name="Surefire test" duration-ms="32" started-at="2021-11-18T12:52:10Z" finished-at="2021-11-18T12:52:10Z">
      <class name="qaclickacademy.AppiumTest">
        <test-method status="PASS" signature="IOSApps()[pri:0, instance:qaclickacademy.AppiumTest@100fc185]" name="IOSApps" duration-ms="12" started-at="2021-11-18T07:52:10Z" finished-at="2021-11-18T07:52:10Z">
          <reporter-output>
          </reporter-output>
        </test-method> <!-- IOSApps -->
        <test-method status="PASS" signature="NativeappAndroid()[pri:0, instance:qaclickacademy.AppiumTest@100fc185]" name="NativeappAndroid" duration-ms="0" started-at="2021-11-18T07:52:10Z" finished-at="2021-11-18T07:52:10Z">
          <reporter-output>
          </reporter-output>
        </test-method> <!-- NativeappAndroid -->
      </class> <!-- qaclickacademy.AppiumTest -->
    </test> <!-- Surefire test -->
  </suite> <!-- Surefire suite -->
</testng-results>
